<?xml version="1.0" encoding="UTF-8"?>
<testng-results ignored="0" total="0" passed="0" failed="0" skipped="0">
  <reporter-output>
  </reporter-output>
  <suite started-at="2022-03-27T15:46:18 GMT+05:30" name="Surefire suite" finished-at="2022-03-27T15:48:04 GMT+05:30" duration-ms="105568">
    <groups>
    </groups>
    <test started-at="2022-03-27T15:46:18 GMT+05:30" name="Surefire test" finished-at="2022-03-27T15:48:04 GMT+05:30" duration-ms="105568">
    </test> <!-- Surefire test -->
  </suite> <!-- Surefire suite -->
</testng-results>
